Loaded dependency [python3/3.10.7]: gcc/11.3.0-binutils-2.38
Loaded module: python3/3.10.7

Loading python3/3.10.7
  Loading requirement: gcc/11.3.0-binutils-2.38
Loaded module: cuda/12.0
Loaded module: cudnn/v8.3.2.44-prod-cuda-11.X
Traceback (most recent call last):
  File "/zhome/6b/b/151617/env2/lib/python3.10/site-packages/torch/utils/_contextlib.py", line 115, in decorate_context
    return func(*args, **kwargs)
  File "/zhome/6b/b/151617/env2/lib/python3.10/site-packages/torch/utils/_foreach_utils.py", line 30, in _group_tensors_by_device_and_dtype
    for j in range(len(tensorlistlist)):
KeyboardInterrupt

During handling of the above exception, another exception occurred:

Traceback (most recent call last):
  File "/zhome/6b/b/151617/Sign2Text/main.py", line 94, in <module>
    main()
  File "/zhome/6b/b/151617/Sign2Text/main.py", line 86, in main
    train(model, dataloaderTrain, dataloaderVal, CFG)
  File "/zhome/6b/b/151617/Sign2Text/Trainer/trainer.py", line 89, in train
    optimizer.step()
  File "/zhome/6b/b/151617/env2/lib/python3.10/site-packages/torch/optim/lr_scheduler.py", line 69, in wrapper
    return wrapped(*args, **kwargs)
  File "/zhome/6b/b/151617/env2/lib/python3.10/site-packages/torch/optim/optimizer.py", line 280, in wrapper
    out = func(*args, **kwargs)
  File "/zhome/6b/b/151617/env2/lib/python3.10/site-packages/torch/optim/optimizer.py", line 33, in _use_grad
    ret = func(self, *args, **kwargs)
  File "/zhome/6b/b/151617/env2/lib/python3.10/site-packages/torch/optim/adam.py", line 141, in step
    adam(
  File "/zhome/6b/b/151617/env2/lib/python3.10/site-packages/torch/optim/adam.py", line 281, in adam
    func(params,
  File "/zhome/6b/b/151617/env2/lib/python3.10/site-packages/torch/optim/adam.py", line 425, in _multi_tensor_adam
    grouped_tensors = _group_tensors_by_device_and_dtype([params, grads, exp_avgs, exp_avg_sqs, max_exp_avg_sqs, state_steps])
  File "/zhome/6b/b/151617/env2/lib/python3.10/site-packages/torch/utils/_contextlib.py", line 115, in decorate_context
    return func(*args, **kwargs)
KeyboardInterrupt
